<?xml version="1.0" encoding="UTF-8"?>
<testng-results ignored="0" total="1" passed="1" failed="0" skipped="0">
  <reporter-output>
  </reporter-output>
  <suite started-at="2024-12-17T17:55:02 IST" name="Default suite" finished-at="2024-12-17T17:55:31 IST" duration-ms="28689">
    <groups>
    </groups>
    <test started-at="2024-12-17T17:55:02 IST" name="Default test" finished-at="2024-12-17T17:55:31 IST" duration-ms="28689">
      <class name="testPackage.TestClass">
        <test-method is-config="true" signature="setup()[pri:0, instance:testPackage.TestClass@1349883]" started-at="2024-12-17T17:55:02 IST" name="setup" finished-at="2024-12-17T17:55:12 IST" duration-ms="9138" status="PASS">
          <reporter-output>
          </reporter-output>
        </test-method> <!-- setup -->
        <test-method signature="testSephoraAutomationFlow()[pri:0, instance:testPackage.TestClass@1349883]" started-at="2024-12-17T17:55:12 IST" name="testSephoraAutomationFlow" finished-at="2024-12-17T17:55:31 IST" duration-ms="19402" status="PASS">
          <reporter-output>
          </reporter-output>
        </test-method> <!-- testSephoraAutomationFlow -->
      </class> <!-- testPackage.TestClass -->
    </test> <!-- Default test -->
  </suite> <!-- Default suite -->
</testng-results>
